<?xml version="1.0" encoding="UTF-8"?>
<testng-results ignored="0" total="1" passed="0" failed="1" skipped="0">
  <reporter-output>
    <line>
      <![CDATA[Login page is Displayed]]>
    </line>
    <line>
      <![CDATA[Home Page is Displayed]]>
    </line>
  </reporter-output>
  <suite started-at="2024-07-25T12:50:26 IST" name="Suite" finished-at="2024-07-25T12:50:48 IST" duration-ms="22722">
    <groups>
    </groups>
    <test started-at="2024-07-25T12:50:26 IST" name="Test" finished-at="2024-07-25T12:50:48 IST" duration-ms="22722">
      <class name="ListenersAssignments.TestScript">
        <test-method is-config="true" signature="Launch()[pri:0, instance:ListenersAssignments.TestScript@7722c3c3]" started-at="2024-07-25T12:50:26 IST" name="Launch" finished-at="2024-07-25T12:50:40 IST" duration-ms="14722" status="PASS">
          <reporter-output>
          </reporter-output>
        </test-method> <!-- Launch -->
        <test-method is-config="true" signature="login()[pri:0, instance:ListenersAssignments.TestScript@7722c3c3]" started-at="2024-07-25T12:50:41 IST" name="login" finished-at="2024-07-25T12:50:44 IST" duration-ms="3278" status="PASS">
          <reporter-output>
            <line>
              <![CDATA[Login page is Displayed]]>
            </line>
            <line>
              <![CDATA[Home Page is Displayed]]>
            </line>
          </reporter-output>
        </test-method> <!-- login -->
        <test-method signature="BookClick()[pri:0, instance:ListenersAssignments.TestScript@7722c3c3]" started-at="2024-07-25T12:50:44 IST" name="BookClick" finished-at="2024-07-25T12:50:46 IST" duration-ms="1890" status="FAIL">
          <exception class="java.lang.AssertionError">
            <message>
              <![CDATA[BOOKS page is not displayed expected [Demo Web Shop. Book] but found [Demo Web Shop. Books]]]>
            </message>
            <full-stacktrace>
              <![CDATA[java.lang.AssertionError: BOOKS page is not displayed expected [Demo Web Shop. Book] but found [Demo Web Shop. Books]
at org.testng.Assert.fail(Assert.java:99)
at org.testng.Assert.failNotEquals(Assert.java:1037)
at org.testng.Assert.assertEqualsImpl(Assert.java:140)
at org.testng.Assert.assertEquals(Assert.java:122)
at org.testng.Assert.assertEquals(Assert.java:629)
at ListenersAssignments.TestScript.BookClick(TestScript.java:16)
at java.base/jdk.internal.reflect.DirectMethodHandleAccessor.invoke(DirectMethodHandleAccessor.java:103)
at java.base/java.lang.reflect.Method.invoke(Method.java:580)
at org.testng.internal.MethodInvocationHelper.invokeMethod(MethodInvocationHelper.java:133)
at org.testng.internal.TestInvoker.invokeMethod(TestInvoker.java:598)
at org.testng.internal.TestInvoker.invokeTestMethod(TestInvoker.java:173)
at org.testng.internal.MethodRunner.runInSequence(MethodRunner.java:46)
at org.testng.internal.TestInvoker$MethodInvocationAgent.invoke(TestInvoker.java:824)
at org.testng.internal.TestInvoker.invokeTestMethods(TestInvoker.java:146)
at org.testng.internal.TestMethodWorker.invokeTestMethods(TestMethodWorker.java:146)
at org.testng.internal.TestMethodWorker.run(TestMethodWorker.java:128)
at java.base/java.util.ArrayList.forEach(ArrayList.java:1596)
at org.testng.TestRunner.privateRun(TestRunner.java:794)
at org.testng.TestRunner.run(TestRunner.java:596)
at org.testng.SuiteRunner.runTest(SuiteRunner.java:377)
at org.testng.SuiteRunner.runSequentially(SuiteRunner.java:371)
at org.testng.SuiteRunner.privateRun(SuiteRunner.java:332)
at org.testng.SuiteRunner.run(SuiteRunner.java:276)
at org.testng.SuiteRunnerWorker.runSuite(SuiteRunnerWorker.java:53)
at org.testng.SuiteRunnerWorker.run(SuiteRunnerWorker.java:96)
at org.testng.TestNG.runSuitesSequentially(TestNG.java:1212)
at org.testng.TestNG.runSuitesLocally(TestNG.java:1134)
at org.testng.TestNG.runSuites(TestNG.java:1063)
at org.testng.TestNG.run(TestNG.java:1031)
at org.testng.remote.AbstractRemoteTestNG.run(AbstractRemoteTestNG.java:115)
at org.testng.remote.RemoteTestNG.initAndRun(RemoteTestNG.java:293)
at org.testng.remote.RemoteTestNG.main(RemoteTestNG.java:91)
]]>
            </full-stacktrace>
          </exception> <!-- java.lang.AssertionError -->
          <reporter-output>
          </reporter-output>
        </test-method> <!-- BookClick -->
        <test-method is-config="true" signature="logout()[pri:0, instance:ListenersAssignments.TestScript@7722c3c3]" started-at="2024-07-25T12:50:46 IST" name="logout" finished-at="2024-07-25T12:50:47 IST" duration-ms="1196" status="PASS">
          <reporter-output>
          </reporter-output>
        </test-method> <!-- logout -->
        <test-method is-config="true" signature="CloseBrowser()[pri:0, instance:ListenersAssignments.TestScript@7722c3c3]" started-at="2024-07-25T12:50:47 IST" name="CloseBrowser" finished-at="2024-07-25T12:50:48 IST" duration-ms="904" status="PASS">
          <reporter-output>
          </reporter-output>
        </test-method> <!-- CloseBrowser -->
      </class> <!-- ListenersAssignments.TestScript -->
    </test> <!-- Test -->
  </suite> <!-- Suite -->
</testng-results>
