<?xml version="1.0" encoding="UTF-8"?>
<!-- Generated by org.testng.reporters.JUnitXMLReporter -->
<testsuite ignored="0" hostname="sutheesh" failures="1" tests="1" name="Test" time="22.722" errors="0" timestamp="2024-07-25T12:50:48 IST">
  <testcase classname="ListenersAssignments.TestScript" name="BookClick" time="1.89">
    <failure type="java.lang.AssertionError" message="BOOKS page is not displayed expected [Demo Web Shop. Book] but found [Demo Web Shop. Books]">
      <![CDATA[java.lang.AssertionError: BOOKS page is not displayed expected [Demo Web Shop. Book] but found [Demo Web Shop. Books]
at ListenersAssignments.TestScript.BookClick(TestScript.java:16)
at java.base/java.util.ArrayList.forEach(ArrayList.java:1596)
... Removed 30 stack frames]]>
    </failure>
  </testcase> <!-- BookClick -->
</testsuite> <!-- Test -->
